c:\users\hach3\documents\visual studio 2015\projects\aiv3.0\aiv3.0\debug\vc140.pdb
c:\users\hach3\documents\visual studio 2015\projects\aiv3.0\aiv3.0\debug\vc140.idb
c:\users\hach3\documents\visual studio 2015\projects\aiv3.0\aiv3.0\debug\aiv3.0.obj
c:\users\hach3\documents\visual studio 2015\projects\aiv3.0\aiv3.0\debug\stdafx.obj
c:\users\hach3\documents\visual studio 2015\projects\aiv3.0\aiv3.0\debug\direction.obj
c:\users\hach3\documents\visual studio 2015\projects\aiv3.0\aiv3.0\debug\place.obj
c:\users\hach3\documents\visual studio 2015\projects\aiv3.0\aiv3.0\debug\timepreposition.obj
c:\users\hach3\documents\visual studio 2015\projects\aiv3.0\aiv3.0\debug\demonstrative.obj
c:\users\hach3\documents\visual studio 2015\projects\aiv3.0\aiv3.0\debug\indefinite.obj
c:\users\hach3\documents\visual studio 2015\projects\aiv3.0\aiv3.0\debug\intensive.obj
c:\users\hach3\documents\visual studio 2015\projects\aiv3.0\aiv3.0\debug\interrogative.obj
c:\users\hach3\documents\visual studio 2015\projects\aiv3.0\aiv3.0\debug\personnal.obj
c:\users\hach3\documents\visual studio 2015\projects\aiv3.0\aiv3.0\debug\possessive.obj
c:\users\hach3\documents\visual studio 2015\projects\aiv3.0\aiv3.0\debug\reciprocal.obj
c:\users\hach3\documents\visual studio 2015\projects\aiv3.0\aiv3.0\debug\reflexive.obj
c:\users\hach3\documents\visual studio 2015\projects\aiv3.0\aiv3.0\debug\relative.obj
c:\users\hach3\documents\visual studio 2015\projects\aiv3.0\aiv3.0\debug\verbs.obj
c:\users\hach3\documents\visual studio 2015\projects\aiv3.0\aiv3.0\debug\auxiliary.obj
c:\users\hach3\documents\visual studio 2015\projects\aiv3.0\aiv3.0\debug\objects.obj
c:\users\hach3\documents\visual studio 2015\projects\aiv3.0\aiv3.0\debug\time.obj
c:\users\hach3\documents\visual studio 2015\projects\aiv3.0\aiv3.0\debug\conjunctions.obj
c:\users\hach3\documents\visual studio 2015\projects\aiv3.0\aiv3.0\debug\conjunctive.obj
c:\users\hach3\documents\visual studio 2015\projects\aiv3.0\aiv3.0\debug\coordinating.obj
c:\users\hach3\documents\visual studio 2015\projects\aiv3.0\aiv3.0\debug\correlative.obj
c:\users\hach3\documents\visual studio 2015\projects\aiv3.0\aiv3.0\debug\subordinating.obj
c:\users\hach3\documents\visual studio 2015\projects\aiv3.0\aiv3.0\debug\interjections.obj
c:\users\hach3\documents\visual studio 2015\projects\aiv3.0\aiv3.0\debug\approval.obj
c:\users\hach3\documents\visual studio 2015\projects\aiv3.0\aiv3.0\debug\attention.obj
c:\users\hach3\documents\visual studio 2015\projects\aiv3.0\aiv3.0\debug\greeting.obj
c:\users\hach3\documents\visual studio 2015\projects\aiv3.0\aiv3.0\debug\joy.obj
c:\users\hach3\documents\visual studio 2015\projects\aiv3.0\aiv3.0\debug\sorrow.obj
c:\users\hach3\documents\visual studio 2015\projects\aiv3.0\aiv3.0\debug\surprise.obj
c:\users\hach3\documents\visual studio 2015\projects\aiv3.0\aiv3.0\debug\nouns.obj
c:\users\hach3\documents\visual studio 2015\projects\aiv3.0\aiv3.0\debug\common.obj
c:\users\hach3\documents\visual studio 2015\projects\aiv3.0\aiv3.0\debug\proper.obj
c:\users\hach3\documents\visual studio 2015\projects\aiv3.0\aiv3.0\debug\prepositions.obj
c:\users\hach3\documents\visual studio 2015\projects\aiv3.0\aiv3.0\debug\adjectives.obj
c:\users\hach3\documents\visual studio 2015\projects\aiv3.0\aiv3.0\debug\article.obj
c:\users\hach3\documents\visual studio 2015\projects\aiv3.0\aiv3.0\debug\attribute.obj
c:\users\hach3\documents\visual studio 2015\projects\aiv3.0\aiv3.0\debug\coordinate.obj
c:\users\hach3\documents\visual studio 2015\projects\aiv3.0\aiv3.0\debug\numbers.obj
c:\users\hach3\documents\visual studio 2015\projects\aiv3.0\aiv3.0\debug\adverbs.obj
c:\users\hach3\documents\visual studio 2015\projects\aiv3.0\aiv3.0\debug\clause.obj
c:\users\hach3\documents\visual studio 2015\projects\aiv3.0\aiv3.0\debug\degree.obj
c:\users\hach3\documents\visual studio 2015\projects\aiv3.0\aiv3.0\debug\frequency.obj
c:\users\hach3\documents\visual studio 2015\projects\aiv3.0\aiv3.0\debug\manner.obj
c:\users\hach3\documents\visual studio 2015\projects\aiv3.0\aiv3.0\debug\modal.obj
c:\users\hach3\documents\visual studio 2015\projects\aiv3.0\aiv3.0\debug\ai.obj
c:\users\hach3\documents\visual studio 2015\projects\aiv3.0\aiv3.0\debug\pronouns.obj
c:\users\hach3\documents\visual studio 2015\projects\aiv3.0\aiv3.0\debug\demonstrativeadjectives.obj
c:\users\hach3\documents\visual studio 2015\projects\aiv3.0\aiv3.0\debug\interrogativeadjectives.obj
c:\users\hach3\documents\visual studio 2015\projects\aiv3.0\aiv3.0\debug\possessiveadjectives.obj
c:\users\hach3\documents\visual studio 2015\projects\aiv3.0\aiv3.0\debug\placeadverbs.obj
c:\users\hach3\documents\visual studio 2015\projects\aiv3.0\aiv3.0\debug\placepreposition.obj
c:\users\hach3\documents\visual studio 2015\projects\aiv3.0\aiv3.0\debug\indefinitepronouns.obj
c:\users\hach3\documents\visual studio 2015\projects\aiv3.0\aiv3.0\debug\interrogativepronouns.obj
c:\users\hach3\documents\visual studio 2015\projects\aiv3.0\aiv3.0\debug\phrasal.obj
c:\users\hach3\documents\visual studio 2015\projects\aiv3.0\aiv3.0\debug\stative.obj
c:\users\hach3\documents\visual studio 2015\projects\aiv3.0\aiv3.0\debug\abstract.obj
c:\users\hach3\documents\visual studio 2015\projects\aiv3.0\aiv3.0\debug\collective.obj
c:\users\hach3\documents\visual studio 2015\projects\aiv3.0\aiv3.0\debug\action.obj
c:\users\hach3\documents\visual studio 2015\projects\aiv3.0\debug\aiv3.0.ilk
c:\users\hach3\documents\visual studio 2015\projects\aiv3.0\debug\aiv3.0.exe
c:\users\hach3\documents\visual studio 2015\projects\aiv3.0\debug\aiv3.0.pdb
c:\users\hach3\documents\visual studio 2015\projects\aiv3.0\aiv3.0\debug\aiv3.0.tlog\cl.command.1.tlog
c:\users\hach3\documents\visual studio 2015\projects\aiv3.0\aiv3.0\debug\aiv3.0.tlog\cl.read.1.tlog
c:\users\hach3\documents\visual studio 2015\projects\aiv3.0\aiv3.0\debug\aiv3.0.tlog\cl.write.1.tlog
c:\users\hach3\documents\visual studio 2015\projects\aiv3.0\aiv3.0\debug\aiv3.0.tlog\link.8040-cvtres.read.1.tlog
c:\users\hach3\documents\visual studio 2015\projects\aiv3.0\aiv3.0\debug\aiv3.0.tlog\link.8040-cvtres.write.1.tlog
c:\users\hach3\documents\visual studio 2015\projects\aiv3.0\aiv3.0\debug\aiv3.0.tlog\link.8040-rc.read.1.tlog
c:\users\hach3\documents\visual studio 2015\projects\aiv3.0\aiv3.0\debug\aiv3.0.tlog\link.8040-rc.write.1.tlog
c:\users\hach3\documents\visual studio 2015\projects\aiv3.0\aiv3.0\debug\aiv3.0.tlog\link.8040.read.1.tlog
c:\users\hach3\documents\visual studio 2015\projects\aiv3.0\aiv3.0\debug\aiv3.0.tlog\link.8040.write.1.tlog
c:\users\hach3\documents\visual studio 2015\projects\aiv3.0\aiv3.0\debug\aiv3.0.tlog\link.command.1.tlog
c:\users\hach3\documents\visual studio 2015\projects\aiv3.0\aiv3.0\debug\aiv3.0.tlog\link.read.1.tlog
c:\users\hach3\documents\visual studio 2015\projects\aiv3.0\aiv3.0\debug\aiv3.0.tlog\link.write.1.tlog
